<?xml version="1.0" encoding="UTF-8"?>
<!-- Generated by org.testng.reporters.JUnitXMLReporter -->
<testsuite ignored="0" hostname="LAPTOP-ODIK6SBS" failures="0" tests="3" name="AdminPageTest" time="73.754" errors="0" timestamp="10 Dec 2023 14:28:58 GMT">
  <testcase classname="Tests.AdminPageTest" name="addNewUser" time="43.299"/>
  <testcase classname="Tests.AdminPageTest" name="searchFunctionalityCheck" time="9.52"/>
  <testcase classname="Tests.AdminPageTest" name="updateFunctionalityCheck" time="20.846"/>
</testsuite> <!-- AdminPageTest -->
