<?xml version="1.0" encoding="UTF-8"?>
<!-- Generated by org.testng.reporters.JUnitXMLReporter -->
<testsuite ignored="0" hostname="LAPTOP-ODIK6SBS" failures="0" tests="6" name="AdminPageTest" time="130.35" errors="0" timestamp="12 Dec 2023 17:59:15 GMT">
  <testcase classname="Tests.AdminPageTest" name="addNewUser" time="43.755"/>
  <testcase classname="Tests.AdminPageTest" name="searchFunctionalityCheck" time="9.606"/>
  <testcase classname="Tests.AdminPageTest" name="updateFunctionalityCheck" time="21.29"/>
  <testcase classname="Tests.AdminPageTest" name="deleteFunctionalityCheck" time="24.928"/>
  <testcase classname="Tests.AdminPageTest" name="jobTitleFunctionalityCheck" time="26.546"/>
  <testcase classname="Tests.AdminPageTest" name="traverseToPIMPage" time="4.135"/>
</testsuite> <!-- AdminPageTest -->
