<?xml version="1.0" encoding="UTF-8"?>
<testng-results ignored="0" total="13" passed="13" failed="0" skipped="0">
  <reporter-output>
  </reporter-output>
  <suite started-at="2023-12-12T17:56:32Z" name="OrangeHrm.com" finished-at="2023-12-12T18:00:37Z" duration-ms="245772">
    <groups>
    </groups>
    <test started-at="2023-12-12T17:56:32Z" name="LoginPage" finished-at="2023-12-12T17:56:53Z" duration-ms="21014">
      <class name="Tests.LoginPageTest">
        <test-method is-config="true" signature="start()[pri:0, instance:Tests.LoginPageTest@87a85e1]" started-at="2023-12-12T23:56:32Z" name="start" finished-at="2023-12-12T23:56:42Z" duration-ms="10229" status="PASS">
          <reporter-output>
          </reporter-output>
        </test-method> <!-- start -->
        <test-method signature="loginTestWithValidCredentials()[pri:0, instance:Tests.LoginPageTest@87a85e1]" started-at="2023-12-12T23:56:42Z" name="loginTestWithValidCredentials" finished-at="2023-12-12T23:56:52Z" duration-ms="10509" status="PASS">
          <reporter-output>
          </reporter-output>
        </test-method> <!-- loginTestWithValidCredentials -->
        <test-method is-config="true" signature="report()[pri:0, instance:Tests.LoginPageTest@87a85e1]" started-at="2023-12-12T23:56:52Z" name="report" finished-at="2023-12-12T23:56:53Z" duration-ms="265" status="PASS">
          <reporter-output>
          </reporter-output>
        </test-method> <!-- report -->
      </class> <!-- Tests.LoginPageTest -->
    </test> <!-- LoginPage -->
    <test started-at="2023-12-12T17:56:53Z" name="DashboardPage" finished-at="2023-12-12T17:57:04Z" duration-ms="11879">
      <class name="Tests.DashboardPageTest">
        <test-method is-config="true" signature="start()[pri:0, instance:Tests.DashboardPageTest@52102734]" started-at="2023-12-12T23:56:53Z" name="start" finished-at="2023-12-12T23:56:53Z" duration-ms="2" status="PASS">
          <reporter-output>
          </reporter-output>
        </test-method> <!-- start -->
        <test-method signature="adminTest()[pri:0, instance:Tests.DashboardPageTest@52102734]" started-at="2023-12-12T23:56:53Z" name="adminTest" finished-at="2023-12-12T23:57:04Z" duration-ms="11781" status="PASS">
          <reporter-output>
          </reporter-output>
        </test-method> <!-- adminTest -->
        <test-method is-config="true" signature="report()[pri:0, instance:Tests.DashboardPageTest@52102734]" started-at="2023-12-12T23:57:04Z" name="report" finished-at="2023-12-12T23:57:04Z" duration-ms="92" status="PASS">
          <reporter-output>
          </reporter-output>
        </test-method> <!-- report -->
      </class> <!-- Tests.DashboardPageTest -->
    </test> <!-- DashboardPage -->
    <test started-at="2023-12-12T17:57:04Z" name="AdminPageTest" finished-at="2023-12-12T17:59:15Z" duration-ms="130350">
      <class name="Tests.AdminPageTest">
        <test-method signature="addNewUser()[pri:0, instance:Tests.AdminPageTest@865dd6]" started-at="2023-12-12T23:57:04Z" name="addNewUser" finished-at="2023-12-12T23:57:48Z" duration-ms="43755" status="PASS">
          <reporter-output>
          </reporter-output>
        </test-method> <!-- addNewUser -->
        <test-method is-config="true" signature="start()[pri:0, instance:Tests.AdminPageTest@865dd6]" started-at="2023-12-12T23:57:04Z" name="start" finished-at="2023-12-12T23:57:04Z" duration-ms="0" status="PASS">
          <reporter-output>
          </reporter-output>
        </test-method> <!-- start -->
        <test-method signature="searchFunctionalityCheck()[pri:1, instance:Tests.AdminPageTest@865dd6]" started-at="2023-12-12T23:57:48Z" name="searchFunctionalityCheck" finished-at="2023-12-12T23:57:58Z" duration-ms="9606" status="PASS">
          <reporter-output>
          </reporter-output>
        </test-method> <!-- searchFunctionalityCheck -->
        <test-method signature="updateFunctionalityCheck()[pri:2, instance:Tests.AdminPageTest@865dd6]" started-at="2023-12-12T23:57:58Z" name="updateFunctionalityCheck" finished-at="2023-12-12T23:58:19Z" duration-ms="21290" status="PASS">
          <reporter-output>
          </reporter-output>
        </test-method> <!-- updateFunctionalityCheck -->
        <test-method signature="deleteFunctionalityCheck()[pri:3, instance:Tests.AdminPageTest@865dd6]" started-at="2023-12-12T23:58:19Z" name="deleteFunctionalityCheck" finished-at="2023-12-12T23:58:44Z" duration-ms="24928" status="PASS">
          <reporter-output>
          </reporter-output>
        </test-method> <!-- deleteFunctionalityCheck -->
        <test-method signature="jobTitleFunctionalityCheck()[pri:4, instance:Tests.AdminPageTest@865dd6]" started-at="2023-12-12T23:58:44Z" name="jobTitleFunctionalityCheck" finished-at="2023-12-12T23:59:11Z" duration-ms="26546" status="PASS">
          <reporter-output>
          </reporter-output>
        </test-method> <!-- jobTitleFunctionalityCheck -->
        <test-method signature="traverseToPIMPage()[pri:5, instance:Tests.AdminPageTest@865dd6]" started-at="2023-12-12T23:59:11Z" name="traverseToPIMPage" finished-at="2023-12-12T23:59:15Z" duration-ms="4135" status="PASS">
          <reporter-output>
          </reporter-output>
        </test-method> <!-- traverseToPIMPage -->
        <test-method is-config="true" signature="report()[pri:0, instance:Tests.AdminPageTest@865dd6]" started-at="2023-12-12T23:59:15Z" name="report" finished-at="2023-12-12T23:59:15Z" duration-ms="81" status="PASS">
          <reporter-output>
          </reporter-output>
        </test-method> <!-- report -->
      </class> <!-- Tests.AdminPageTest -->
    </test> <!-- AdminPageTest -->
    <test started-at="2023-12-12T17:59:15Z" name="PIMPageTest" finished-at="2023-12-12T18:00:37Z" duration-ms="82504">
      <class name="Tests.LoginPageTest">
        <test-method is-config="true" signature="startBrowser()[pri:0, instance:Tests.LoginPageTest@87a85e1]" started-at="2023-12-12T23:56:30Z" name="startBrowser" finished-at="2023-12-12T23:56:32Z" duration-ms="1586" status="PASS">
          <reporter-output>
          </reporter-output>
        </test-method> <!-- startBrowser -->
        <test-method is-config="true" signature="close()[pri:0, instance:Tests.LoginPageTest@87a85e1]" started-at="2023-12-13T00:00:37Z" name="close" finished-at="2023-12-13T00:00:38Z" duration-ms="305" status="PASS">
          <reporter-output>
          </reporter-output>
        </test-method> <!-- close -->
      </class> <!-- Tests.LoginPageTest -->
      <class name="Tests.PIMPageTest">
        <test-method is-config="true" signature="start()[pri:0, instance:Tests.PIMPageTest@4d910fd6]" started-at="2023-12-12T23:59:15Z" name="start" finished-at="2023-12-12T23:59:15Z" duration-ms="1" status="PASS">
          <reporter-output>
          </reporter-output>
        </test-method> <!-- start -->
        <test-method signature="addEmployeFunctionality()[pri:0, instance:Tests.PIMPageTest@4d910fd6]" started-at="2023-12-12T23:59:15Z" name="addEmployeFunctionality" finished-at="2023-12-12T23:59:41Z" duration-ms="26052" status="PASS">
          <reporter-output>
          </reporter-output>
        </test-method> <!-- addEmployeFunctionality -->
        <test-method signature="employeListFunctionality()[pri:1, instance:Tests.PIMPageTest@4d910fd6]" started-at="2023-12-12T23:59:41Z" name="employeListFunctionality" finished-at="2023-12-12T23:59:51Z" duration-ms="10537" status="PASS">
          <reporter-output>
          </reporter-output>
        </test-method> <!-- employeListFunctionality -->
        <test-method signature="searchByEmployeIdFunctionality()[pri:2, instance:Tests.PIMPageTest@4d910fd6]" started-at="2023-12-12T23:59:51Z" name="searchByEmployeIdFunctionality" finished-at="2023-12-13T00:00:08Z" duration-ms="16265" status="PASS">
          <reporter-output>
          </reporter-output>
        </test-method> <!-- searchByEmployeIdFunctionality -->
        <test-method signature="DeleteFunctionality()[pri:3, instance:Tests.PIMPageTest@4d910fd6]" started-at="2023-12-13T00:00:08Z" name="DeleteFunctionality" finished-at="2023-12-13T00:00:21Z" duration-ms="13283" status="PASS">
          <reporter-output>
          </reporter-output>
        </test-method> <!-- DeleteFunctionality -->
        <test-method signature="logOut()[pri:4, instance:Tests.PIMPageTest@4d910fd6]" started-at="2023-12-13T00:00:21Z" name="logOut" finished-at="2023-12-13T00:00:37Z" duration-ms="16240" status="PASS">
          <reporter-output>
          </reporter-output>
        </test-method> <!-- logOut -->
        <test-method is-config="true" signature="report()[pri:0, instance:Tests.PIMPageTest@4d910fd6]" started-at="2023-12-13T00:00:37Z" name="report" finished-at="2023-12-13T00:00:37Z" duration-ms="119" status="PASS">
          <reporter-output>
          </reporter-output>
        </test-method> <!-- report -->
      </class> <!-- Tests.PIMPageTest -->
    </test> <!-- PIMPageTest -->
  </suite> <!-- OrangeHrm.com -->
</testng-results>
