<?xml version="1.0" encoding="UTF-8"?>
<testng-results ignored="0" total="5" passed="5" failed="0" skipped="0">
  <reporter-output>
  </reporter-output>
  <suite started-at="2023-12-10T14:27:13Z" name="OrangeHrm.com" finished-at="2023-12-10T14:28:58Z" duration-ms="105043">
    <groups>
    </groups>
    <test started-at="2023-12-10T14:27:13Z" name="LoginPage" finished-at="2023-12-10T14:27:33Z" duration-ms="20031">
      <class name="Tests.LoginPageTest">
        <test-method is-config="true" signature="start()[pri:0, instance:Tests.LoginPageTest@87a85e1]" started-at="2023-12-10T20:27:13Z" name="start" finished-at="2023-12-10T20:27:22Z" duration-ms="9330" status="PASS">
          <reporter-output>
          </reporter-output>
        </test-method> <!-- start -->
        <test-method signature="loginTestWithValidCredentials()[pri:0, instance:Tests.LoginPageTest@87a85e1]" started-at="2023-12-10T20:27:22Z" name="loginTestWithValidCredentials" finished-at="2023-12-10T20:27:33Z" duration-ms="10445" status="PASS">
          <reporter-output>
          </reporter-output>
        </test-method> <!-- loginTestWithValidCredentials -->
        <test-method is-config="true" signature="report()[pri:0, instance:Tests.LoginPageTest@87a85e1]" started-at="2023-12-10T20:27:33Z" name="report" finished-at="2023-12-10T20:27:33Z" duration-ms="244" status="PASS">
          <reporter-output>
          </reporter-output>
        </test-method> <!-- report -->
      </class> <!-- Tests.LoginPageTest -->
    </test> <!-- LoginPage -->
    <test started-at="2023-12-10T14:27:33Z" name="DashboardPage" finished-at="2023-12-10T14:27:44Z" duration-ms="11242">
      <class name="Tests.DashboardPageTest">
        <test-method is-config="true" signature="start()[pri:0, instance:Tests.DashboardPageTest@52102734]" started-at="2023-12-10T20:27:33Z" name="start" finished-at="2023-12-10T20:27:33Z" duration-ms="1" status="PASS">
          <reporter-output>
          </reporter-output>
        </test-method> <!-- start -->
        <test-method signature="adminTest()[pri:0, instance:Tests.DashboardPageTest@52102734]" started-at="2023-12-10T20:27:33Z" name="adminTest" finished-at="2023-12-10T20:27:44Z" duration-ms="11159" status="PASS">
          <reporter-output>
          </reporter-output>
        </test-method> <!-- adminTest -->
        <test-method is-config="true" signature="report()[pri:0, instance:Tests.DashboardPageTest@52102734]" started-at="2023-12-10T20:27:44Z" name="report" finished-at="2023-12-10T20:27:44Z" duration-ms="79" status="PASS">
          <reporter-output>
          </reporter-output>
        </test-method> <!-- report -->
      </class> <!-- Tests.DashboardPageTest -->
    </test> <!-- DashboardPage -->
    <test started-at="2023-12-10T14:27:44Z" name="AdminPageTest" finished-at="2023-12-10T14:28:58Z" duration-ms="73754">
      <class name="Tests.LoginPageTest">
        <test-method is-config="true" signature="startBrowser()[pri:0, instance:Tests.LoginPageTest@87a85e1]" started-at="2023-12-10T20:27:11Z" name="startBrowser" finished-at="2023-12-10T20:27:13Z" duration-ms="1671" status="PASS">
          <reporter-output>
          </reporter-output>
        </test-method> <!-- startBrowser -->
        <test-method is-config="true" signature="close()[pri:0, instance:Tests.LoginPageTest@87a85e1]" started-at="2023-12-10T20:28:58Z" name="close" finished-at="2023-12-10T20:28:58Z" duration-ms="425" status="PASS">
          <reporter-output>
          </reporter-output>
        </test-method> <!-- close -->
      </class> <!-- Tests.LoginPageTest -->
      <class name="Tests.AdminPageTest">
        <test-method is-config="true" signature="start()[pri:0, instance:Tests.AdminPageTest@55b53d44]" started-at="2023-12-10T20:27:44Z" name="start" finished-at="2023-12-10T20:27:44Z" duration-ms="1" status="PASS">
          <reporter-output>
          </reporter-output>
        </test-method> <!-- start -->
        <test-method signature="addNewUser()[pri:0, instance:Tests.AdminPageTest@55b53d44]" started-at="2023-12-10T20:27:44Z" name="addNewUser" finished-at="2023-12-10T20:28:28Z" duration-ms="43299" status="PASS">
          <reporter-output>
          </reporter-output>
        </test-method> <!-- addNewUser -->
        <test-method signature="searchFunctionalityCheck()[pri:1, instance:Tests.AdminPageTest@55b53d44]" started-at="2023-12-10T20:28:28Z" name="searchFunctionalityCheck" finished-at="2023-12-10T20:28:37Z" duration-ms="9520" status="PASS">
          <reporter-output>
          </reporter-output>
        </test-method> <!-- searchFunctionalityCheck -->
        <test-method signature="updateFunctionalityCheck()[pri:2, instance:Tests.AdminPageTest@55b53d44]" started-at="2023-12-10T20:28:37Z" name="updateFunctionalityCheck" finished-at="2023-12-10T20:28:58Z" duration-ms="20846" status="PASS">
          <reporter-output>
          </reporter-output>
        </test-method> <!-- updateFunctionalityCheck -->
        <test-method is-config="true" signature="report()[pri:0, instance:Tests.AdminPageTest@55b53d44]" started-at="2023-12-10T20:28:58Z" name="report" finished-at="2023-12-10T20:28:58Z" duration-ms="84" status="PASS">
          <reporter-output>
          </reporter-output>
        </test-method> <!-- report -->
      </class> <!-- Tests.AdminPageTest -->
    </test> <!-- AdminPageTest -->
  </suite> <!-- OrangeHrm.com -->
</testng-results>
